生成启动时间为 2016/12/17 12:36:43。
     1>项目“D:\work\Paper\LowpolyInteraction\Lowpoly\Lowpoly\Lowpoly.vcxproj”在节点 2 上(build 个目标)。
     1>InitializeBuildStatus:
         正在创建“Release\Lowpoly.unsuccessfulbuild”，因为已指定“AlwaysCreate”。
       CustomBuild:
         所有输出均为最新。
       ClCompile:
         所有输出均为最新。
         e:\vs2010\VC\bin\CL.exe /c /ID:\opencv\build\include\opencv2 /ID:\opencv\build\include\opencv /ID:\opencv\build\include /I.\GeneratedFiles /I. /ID:\jiemian\5.1.1\msvc2010_opengl\include /I.\GeneratedFiles\Release /ID:\jiemian\5.1.1\msvc2010_opengl\include\QtCore /ID:\jiemian\5.1.1\msvc2010_opengl\include\QtGui /ID:\jiemian\5.1.1\msvc2010_opengl\include\QtWidgets /nologo /W1 /WX- /O2 /Oy- /D UNICODE /D WIN32 /D WIN64 /D QT_DLL /D QT_NO_DEBUG /D NDEBUG /D QT_CORE_LIB /D QT_GUI_LIB /D QT_WIDGETS_LIB /Gm- /EHsc /MD /GS /fp:precise /Zc:wchar_t /Zc:forScope /Fo"Release\\" /Fd"Release\vc100.pdb" /Gd /TP /analyze- /errorReport:prompt SLIC_corner.cpp
         SLIC_corner.cpp
         所有输出均为最新。
       Link:
         e:\vs2010\VC\bin\link.exe /ERRORREPORT:PROMPT /OUT:"D:\work\Paper\LowpolyInteraction\Lowpoly\Win32\Release\\Lowpoly.exe" /NOLOGO /LIBPATH:D:\opencv\build\x86\vc10\lib /LIBPATH:D:\jiemian\5.1.1\msvc2010_opengl\lib qtmain.lib Qt5Core.lib Qt5Gui.lib Qt5Widgets.lib opencv_calib3d249.lib opencv_contrib249.lib opencv_core249.lib opencv_features2d249.lib opencv_flann249.lib opencv_gpu249.lib opencv_highgui249.lib opencv_imgproc249.lib opencv_legacy249.lib opencv_ml249.lib opencv_nonfree249.lib opencv_objdetect249.lib opencv_photo249.lib opencv_stitching249.lib opencv_ts249.lib opencv_video249.lib opencv_videostab249.lib kernel32.lib user32.lib gdi32.lib winspool.lib comdlg32.lib advapi32.lib shell32.lib ole32.lib oleaut32.lib uuid.lib odbc32.lib odbccp32.lib /MANIFEST /ManifestFile:"Release\Lowpoly.exe.intermediate.manifest" /MANIFESTUAC:"level='asInvoker' uiAccess='false'" /PDB:"D:\work\Paper\LowpolyInteraction\Lowpoly\Win32\Release\Lowpoly.pdb" /SUBSYSTEM:WINDOWS /TLBID:1 /DYNAMICBASE /NXCOMPAT /IMPLIB:"D:\work\Paper\LowpolyInteraction\Lowpoly\Win32\Release\Lowpoly.lib" /MACHINE:X86 Release\blend.obj
         Release\delaunay.obj
         Release\EdgeDrawing.obj
         Release\EDLineDetector.obj
         Release\qrc_mainwindow.obj
         Release\moc_lowpoly_thread.obj
         Release\moc_mainwindow.obj
         Release\moc_paintwidget.obj
         Release\get_weights.obj
         Release\hb.obj
         Release\linearSolver.obj
         Release\lowpoly.obj
         Release\lowpoly_thread.obj
         Release\main.obj
         Release\mainwindow.obj
         Release\paintwidget.obj
         Release\simplifyPath.obj
         Release\SLIC.obj
         Release\SLIC_corner.obj
         Release\SparseMatrix.obj
         Release\stdafx.obj
         Lowpoly.vcxproj -> D:\work\Paper\LowpolyInteraction\Lowpoly\Win32\Release\Lowpoly.exe
       Manifest:
         C:\Program Files (x86)\Microsoft SDKs\Windows\v7.0A\bin\mt.exe /nologo /verbose /outputresource:"D:\work\Paper\LowpolyInteraction\Lowpoly\Win32\Release\\Lowpoly.exe;#1" /manifest Release\Lowpoly.exe.intermediate.manifest
       FinalizeBuildStatus:
         正在删除文件“Release\Lowpoly.unsuccessfulbuild”。
         正在对“Release\Lowpoly.lastbuildstate”执行 Touch 任务。
     1>已完成生成项目“D:\work\Paper\LowpolyInteraction\Lowpoly\Lowpoly\Lowpoly.vcxproj”(build 个目标)的操作。

生成成功。

已用时间 00:00:01.20
