D:\WORK\PAPER\LOWPOLYINTERACTION\LOWPOLY\LOWPOLY\GENERATEDFILES\QRC_MAINWINDOW.CPP
D:\WORK\PAPER\LOWPOLYINTERACTION\LOWPOLY\LOWPOLY\GENERATEDFILES\RELEASE\MOC_LOWPOLY_THREAD.CPP
D:\WORK\PAPER\LOWPOLYINTERACTION\LOWPOLY\LOWPOLY\GENERATEDFILES\RELEASE\MOC_MAINWINDOW.CPP
D:\WORK\PAPER\LOWPOLYINTERACTION\LOWPOLY\LOWPOLY\GENERATEDFILES\RELEASE\MOC_PAINTWIDGET.CPP
D:\WORK\PAPER\LOWPOLYINTERACTION\LOWPOLY\LOWPOLY\GENERATEDFILES\UI_MAINWINDOW.H
D:\WORK\PAPER\LOWPOLYINTERACTION\LOWPOLY\LOWPOLY\RELEASE\BLEND.OBJ
D:\work\Paper\LowpolyInteraction\Lowpoly\Lowpoly\Release\cl.command.1.tlog
D:\work\Paper\LowpolyInteraction\Lowpoly\Lowpoly\Release\CL.read.1.tlog
D:\work\Paper\LowpolyInteraction\Lowpoly\Lowpoly\Release\CL.write.1.tlog
D:\work\Paper\LowpolyInteraction\Lowpoly\Lowpoly\Release\custombuild.command.1.tlog
D:\work\Paper\LowpolyInteraction\Lowpoly\Lowpoly\Release\custombuild.read.1.tlog
D:\work\Paper\LowpolyInteraction\Lowpoly\Lowpoly\Release\custombuild.write.1.tlog
D:\WORK\PAPER\LOWPOLYINTERACTION\LOWPOLY\LOWPOLY\RELEASE\DELAUNAY.OBJ
D:\WORK\PAPER\LOWPOLYINTERACTION\LOWPOLY\LOWPOLY\RELEASE\EDGEDRAWING.OBJ
D:\WORK\PAPER\LOWPOLYINTERACTION\LOWPOLY\LOWPOLY\RELEASE\EDLINEDETECTOR.OBJ
D:\WORK\PAPER\LOWPOLYINTERACTION\LOWPOLY\LOWPOLY\RELEASE\GET_WEIGHTS.OBJ
D:\WORK\PAPER\LOWPOLYINTERACTION\LOWPOLY\LOWPOLY\RELEASE\HB.OBJ
D:\WORK\PAPER\LOWPOLYINTERACTION\LOWPOLY\LOWPOLY\RELEASE\LINEARSOLVER.OBJ
D:\WORK\PAPER\LOWPOLYINTERACTION\LOWPOLY\LOWPOLY\RELEASE\LOWPOLY.OBJ
D:\WORK\PAPER\LOWPOLYINTERACTION\LOWPOLY\LOWPOLY\RELEASE\LOWPOLY.PCH
D:\work\Paper\LowpolyInteraction\Lowpoly\Lowpoly\Release\Lowpoly.write.1.tlog
D:\WORK\PAPER\LOWPOLYINTERACTION\LOWPOLY\LOWPOLY\RELEASE\LOWPOLY_THREAD.OBJ
D:\WORK\PAPER\LOWPOLYINTERACTION\LOWPOLY\LOWPOLY\RELEASE\MAIN.OBJ
D:\WORK\PAPER\LOWPOLYINTERACTION\LOWPOLY\LOWPOLY\RELEASE\MOC_LOWPOLY_THREAD.OBJ
D:\WORK\PAPER\LOWPOLYINTERACTION\LOWPOLY\LOWPOLY\RELEASE\MOC_MAINWINDOW.OBJ
D:\WORK\PAPER\LOWPOLYINTERACTION\LOWPOLY\LOWPOLY\RELEASE\MOC_PAINTWIDGET.OBJ
D:\WORK\PAPER\LOWPOLYINTERACTION\LOWPOLY\LOWPOLY\RELEASE\PAINTWIDGET.OBJ
D:\WORK\PAPER\LOWPOLYINTERACTION\LOWPOLY\LOWPOLY\RELEASE\SIMPLIFYPATH.OBJ
D:\WORK\PAPER\LOWPOLYINTERACTION\LOWPOLY\LOWPOLY\RELEASE\SLIC.OBJ
D:\WORK\PAPER\LOWPOLYINTERACTION\LOWPOLY\LOWPOLY\RELEASE\SLIC_CORNER.OBJ
D:\WORK\PAPER\LOWPOLYINTERACTION\LOWPOLY\LOWPOLY\RELEASE\SPARSEMATRIX.OBJ
D:\WORK\PAPER\LOWPOLYINTERACTION\LOWPOLY\LOWPOLY\RELEASE\STDAFX.OBJ
