D:\work\Paper\LowpolyInteraction\Lowpoly\Lowpoly\Debug\cl.command.1.tlog
D:\work\Paper\LowpolyInteraction\Lowpoly\Lowpoly\Debug\CL.read.1.tlog
D:\work\Paper\LowpolyInteraction\Lowpoly\Lowpoly\Debug\CL.write.1.tlog
D:\work\Paper\LowpolyInteraction\Lowpoly\Lowpoly\Debug\custombuild.command.1.tlog
D:\work\Paper\LowpolyInteraction\Lowpoly\Lowpoly\Debug\custombuild.read.1.tlog
D:\work\Paper\LowpolyInteraction\Lowpoly\Lowpoly\Debug\custombuild.write.1.tlog
D:\WORK\PAPER\LOWPOLYINTERACTION\LOWPOLY\LOWPOLY\DEBUG\DELAUNAY.OBJ
D:\WORK\PAPER\LOWPOLYINTERACTION\LOWPOLY\LOWPOLY\DEBUG\EDGEDRAWING.OBJ
D:\WORK\PAPER\LOWPOLYINTERACTION\LOWPOLY\LOWPOLY\DEBUG\EDLINEDETECTOR.OBJ
D:\WORK\PAPER\LOWPOLYINTERACTION\LOWPOLY\LOWPOLY\DEBUG\GET_WEIGHTS.OBJ
D:\work\Paper\LowpolyInteraction\Lowpoly\Lowpoly\Debug\link.command.1.tlog
D:\work\Paper\LowpolyInteraction\Lowpoly\Lowpoly\Debug\link.read.1.tlog
D:\work\Paper\LowpolyInteraction\Lowpoly\Lowpoly\Debug\link.write.1.tlog
D:\WORK\PAPER\LOWPOLYINTERACTION\LOWPOLY\LOWPOLY\DEBUG\LOWPOLY.EXE.INTERMEDIATE.MANIFEST
D:\WORK\PAPER\LOWPOLYINTERACTION\LOWPOLY\LOWPOLY\DEBUG\LOWPOLY.OBJ
D:\WORK\PAPER\LOWPOLYINTERACTION\LOWPOLY\LOWPOLY\DEBUG\LOWPOLY.PCH
D:\work\Paper\LowpolyInteraction\Lowpoly\Lowpoly\Debug\Lowpoly.vcxprojResolveAssemblyReference.cache
D:\work\Paper\LowpolyInteraction\Lowpoly\Lowpoly\Debug\Lowpoly.write.1.tlog
D:\WORK\PAPER\LOWPOLYINTERACTION\LOWPOLY\LOWPOLY\DEBUG\LOWPOLY_THREAD.OBJ
D:\WORK\PAPER\LOWPOLYINTERACTION\LOWPOLY\LOWPOLY\DEBUG\MAIN.OBJ
D:\WORK\PAPER\LOWPOLYINTERACTION\LOWPOLY\LOWPOLY\DEBUG\MAINWINDOW.OBJ
D:\WORK\PAPER\LOWPOLYINTERACTION\LOWPOLY\LOWPOLY\DEBUG\MOC_LOWPOLY_THREAD.OBJ
D:\WORK\PAPER\LOWPOLYINTERACTION\LOWPOLY\LOWPOLY\DEBUG\MOC_MAINWINDOW.OBJ
D:\WORK\PAPER\LOWPOLYINTERACTION\LOWPOLY\LOWPOLY\DEBUG\MOC_PAINTWIDGET.OBJ
D:\work\Paper\LowpolyInteraction\Lowpoly\Lowpoly\Debug\mt.command.1.tlog
D:\work\Paper\LowpolyInteraction\Lowpoly\Lowpoly\Debug\mt.read.1.tlog
D:\work\Paper\LowpolyInteraction\Lowpoly\Lowpoly\Debug\mt.write.1.tlog
D:\WORK\PAPER\LOWPOLYINTERACTION\LOWPOLY\LOWPOLY\DEBUG\PAINTWIDGET.OBJ
D:\WORK\PAPER\LOWPOLYINTERACTION\LOWPOLY\LOWPOLY\DEBUG\QRC_MAINWINDOW.OBJ
D:\WORK\PAPER\LOWPOLYINTERACTION\LOWPOLY\LOWPOLY\DEBUG\SIMPLIFYPATH.OBJ
D:\WORK\PAPER\LOWPOLYINTERACTION\LOWPOLY\LOWPOLY\DEBUG\SLIC.OBJ
D:\WORK\PAPER\LOWPOLYINTERACTION\LOWPOLY\LOWPOLY\DEBUG\SLIC_CORNER.OBJ
D:\WORK\PAPER\LOWPOLYINTERACTION\LOWPOLY\LOWPOLY\DEBUG\STDAFX.OBJ
D:\WORK\PAPER\LOWPOLYINTERACTION\LOWPOLY\LOWPOLY\DEBUG\VC100.PDB
D:\WORK\PAPER\LOWPOLYINTERACTION\LOWPOLY\LOWPOLY\GENERATEDFILES\DEBUG\MOC_LOWPOLY_THREAD.CPP
D:\WORK\PAPER\LOWPOLYINTERACTION\LOWPOLY\LOWPOLY\GENERATEDFILES\DEBUG\MOC_MAINWINDOW.CPP
D:\WORK\PAPER\LOWPOLYINTERACTION\LOWPOLY\LOWPOLY\GENERATEDFILES\DEBUG\MOC_PAINTWIDGET.CPP
D:\WORK\PAPER\LOWPOLYINTERACTION\LOWPOLY\LOWPOLY\GENERATEDFILES\QRC_MAINWINDOW.CPP
D:\WORK\PAPER\LOWPOLYINTERACTION\LOWPOLY\LOWPOLY\GENERATEDFILES\UI_MAINWINDOW.H
D:\WORK\PAPER\LOWPOLYINTERACTION\LOWPOLY\WIN32\DEBUG\LOWPOLY.EXE
D:\WORK\PAPER\LOWPOLYINTERACTION\LOWPOLY\WIN32\DEBUG\LOWPOLY.ILK
D:\WORK\PAPER\LOWPOLYINTERACTION\LOWPOLY\WIN32\DEBUG\LOWPOLY.PDB
