生成启动时间为 2016/12/8 10:08:45。
     1>项目“D:\work\Paper\LowpolyInteraction\Lowpoly\Lowpoly\Lowpoly.vcxproj”在节点 2 上(build 个目标)。
     1>InitializeBuildStatus:
         正在创建“Debug\Lowpoly.unsuccessfulbuild”，因为已指定“AlwaysCreate”。
       CustomBuild:
         Moc'ing mainwindow.h...
         Moc'ing lowpoly_thread.h...
       ClCompile:
         所有输出均为最新。
         e:\vs2010\VC\bin\CL.exe /c /ID:\opencv\build\include\opencv2 /ID:\opencv\build\include\opencv /ID:\opencv\build\include /I.\GeneratedFiles /I. /ID:\jiemian\5.1.1\msvc2010_opengl\include /I.\GeneratedFiles\Debug /ID:\jiemian\5.1.1\msvc2010_opengl\include\QtCore /ID:\jiemian\5.1.1\msvc2010_opengl\include\QtGui /ID:\jiemian\5.1.1\msvc2010_opengl\include\QtWidgets /Zi /nologo /W1 /WX- /Od /Oy- /D UNICODE /D WIN32 /D WIN64 /D QT_DLL /D QT_CORE_LIB /D QT_GUI_LIB /D QT_WIDGETS_LIB /Gm- /EHsc /MDd /GS /fp:precise /Zc:wchar_t /Zc:forScope /Fo"Debug\\" /Fd"Debug\vc100.pdb" /Gd /TP /analyze- /errorReport:prompt GeneratedFiles\Debug\moc_lowpoly_thread.cpp GeneratedFiles\Debug\moc_mainwindow.cpp SLIC_corner.cpp lowpoly.cpp lowpoly_thread.cpp main.cpp mainwindow.cpp
         moc_lowpoly_thread.cpp
         moc_mainwindow.cpp
     1>d:\work\paper\lowpolyinteraction\lowpoly\lowpoly\EDLineDetector.h(94): warning C4005: “M_LN10”: 宏重定义
                 d:\jiemian\5.1.1\msvc2010_opengl\include\qtcore\qmath.h(214) : 参见“M_LN10”的前一个定义
     1>d:\work\paper\lowpolyinteraction\lowpoly\lowpoly\EDLineDetector.h(96): warning C4005: “M_PI”: 宏重定义
                 d:\jiemian\5.1.1\msvc2010_opengl\include\qtcore\qmath.h(218) : 参见“M_PI”的前一个定义
         SLIC_corner.cpp
         lowpoly.cpp
         lowpoly_thread.cpp
     1>lowpoly_thread.cpp : warning C4819: 该文件包含不能在当前代码页(936)中表示的字符。请将该文件保存为 Unicode 格式以防止数据丢失
         main.cpp
     1>d:\work\paper\lowpolyinteraction\lowpoly\lowpoly\EDLineDetector.h(94): warning C4005: “M_LN10”: 宏重定义
                 d:\jiemian\5.1.1\msvc2010_opengl\include\qtcore\qmath.h(214) : 参见“M_LN10”的前一个定义
     1>d:\work\paper\lowpolyinteraction\lowpoly\lowpoly\EDLineDetector.h(96): warning C4005: “M_PI”: 宏重定义
                 d:\jiemian\5.1.1\msvc2010_opengl\include\qtcore\qmath.h(218) : 参见“M_PI”的前一个定义
         mainwindow.cpp
     1>d:\work\paper\lowpolyinteraction\lowpoly\lowpoly\EDLineDetector.h(94): warning C4005: “M_LN10”: 宏重定义
                 d:\jiemian\5.1.1\msvc2010_opengl\include\qtcore\qmath.h(214) : 参见“M_LN10”的前一个定义
     1>d:\work\paper\lowpolyinteraction\lowpoly\lowpoly\EDLineDetector.h(96): warning C4005: “M_PI”: 宏重定义
                 d:\jiemian\5.1.1\msvc2010_opengl\include\qtcore\qmath.h(218) : 参见“M_PI”的前一个定义
         正在生成代码...
         e:\vs2010\VC\bin\CL.exe /c /ID:\opencv\build\include\opencv2 /ID:\opencv\build\include\opencv /ID:\opencv\build\include /I.\GeneratedFiles /I. /ID:\jiemian\5.1.1\msvc2010_opengl\include /I.\GeneratedFiles\Debug /ID:\jiemian\5.1.1\msvc2010_opengl\include\QtCore /ID:\jiemian\5.1.1\msvc2010_opengl\include\QtGui /ID:\jiemian\5.1.1\msvc2010_opengl\include\QtWidgets /Zi /nologo /W1 /WX- /Od /Oy- /D UNICODE /D WIN32 /D WIN64 /D QT_DLL /D QT_CORE_LIB /D QT_GUI_LIB /D QT_WIDGETS_LIB /Gm- /EHsc /MDd /GS /fp:precise /Zc:wchar_t /Zc:forScope /Fo"Debug\\" /Fd"Debug\vc100.pdb" /Gd /TP /analyze- /errorReport:prompt GeneratedFiles\qrc_mainwindow.cpp
         qrc_mainwindow.cpp
       Link:
         e:\vs2010\VC\bin\link.exe /ERRORREPORT:PROMPT /OUT:"D:\work\Paper\LowpolyInteraction\Lowpoly\Win32\Debug\\Lowpoly.exe" /NOLOGO /LIBPATH:D:\opencv\build\x86\vc10\lib /LIBPATH:D:\jiemian\5.1.1\msvc2010_opengl\lib qtmaind.lib Qt5Cored.lib Qt5Guid.lib Qt5Widgetsd.lib opencv_calib3d249d.lib opencv_contrib249d.lib opencv_core249d.lib opencv_features2d249d.lib opencv_flann249d.lib opencv_gpu249d.lib opencv_highgui249d.lib opencv_imgproc249d.lib opencv_legacy249d.lib opencv_ml249d.lib opencv_nonfree249d.lib opencv_objdetect249d.lib opencv_photo249d.lib opencv_stitching249d.lib opencv_ts249d.lib opencv_video249d.lib opencv_videostab249d.lib kernel32.lib user32.lib gdi32.lib winspool.lib comdlg32.lib advapi32.lib shell32.lib ole32.lib oleaut32.lib uuid.lib odbc32.lib odbccp32.lib /MANIFEST /ManifestFile:"Debug\Lowpoly.exe.intermediate.manifest" /MANIFESTUAC:"level='asInvoker' uiAccess='false'" /DEBUG /PDB:"D:\work\Paper\LowpolyInteraction\Lowpoly\Win32\Debug\Lowpoly.pdb" /SUBSYSTEM:WINDOWS /TLBID:1 /DYNAMICBASE /NXCOMPAT /IMPLIB:"D:\work\Paper\LowpolyInteraction\Lowpoly\Win32\Debug\Lowpoly.lib" /MACHINE:X86 Debug\blend.obj
         Debug\delaunay.obj
         Debug\EdgeDrawing.obj
         Debug\EDLineDetector.obj
         Debug\moc_lowpoly_thread.obj
         Debug\moc_mainwindow.obj
         Debug\moc_paintwidget.obj
         Debug\qrc_mainwindow.obj
         Debug\get_weights.obj
         Debug\hb.obj
         Debug\linearSolver.obj
         Debug\lowpoly.obj
         Debug\lowpoly_thread.obj
         Debug\main.obj
         Debug\mainwindow.obj
         Debug\paintwidget.obj
         Debug\simplifyPath.obj
         Debug\SLIC.obj
         Debug\SLIC_corner.obj
         Debug\SparseMatrix.obj
         Debug\stdafx.obj
         LINK : 没有找到 D:\work\Paper\LowpolyInteraction\Lowpoly\Win32\Debug\\Lowpoly.exe 或上一个增量链接没有生成它；正在执行完全链接
         Lowpoly.vcxproj -> D:\work\Paper\LowpolyInteraction\Lowpoly\Win32\Debug\Lowpoly.exe
       Manifest:
         C:\Program Files (x86)\Microsoft SDKs\Windows\v7.0A\bin\mt.exe /nologo /verbose /outputresource:"D:\work\Paper\LowpolyInteraction\Lowpoly\Win32\Debug\\Lowpoly.exe;#1" /manifest Debug\Lowpoly.exe.intermediate.manifest
       FinalizeBuildStatus:
         正在删除文件“Debug\Lowpoly.unsuccessfulbuild”。
         正在对“Debug\Lowpoly.lastbuildstate”执行 Touch 任务。
     1>已完成生成项目“D:\work\Paper\LowpolyInteraction\Lowpoly\Lowpoly\Lowpoly.vcxproj”(build 个目标)的操作。

生成成功。

已用时间 00:00:17.88
